Arguments: 
  C:\Program Files\nodejs\node.exe C:\Program Files (x86)\Yarn\bin\yarn.js -v

PATH: 
  C:\Users\igorj\Desktop\cmder\bin;C:\Users\igorj\Desktop\cmder\vendor\conemu-maximus5\ConEmu\Scripts;C:\Users\igorj\Desktop\cmder\vendor\conemu-maximus5;C:\Users\igorj\Desktop\cmder\vendor\conemu-maximus5\ConEmu;C:\Program Files (x86)\Intel\iCLS Client\;C:\Program Files\Intel\iCLS Client\;C:\windows\system32;C:\windows;C:\windows\System32\Wbem;C:\windows\System32\WindowsPowerShell\v1.0\;C:\Program Files (x86)\Intel\Intel(R) Management Engine Components\DAL;C:\Program Files\Intel\Intel(R) Management Engine Components\DAL;C:\Program Files (x86)\Intel\Intel(R) Management Engine Components\IPT;C:\Program Files\Intel\Intel(R) Management Engine Components\IPT;C:\Program Files (x86)\NVIDIA Corporation\PhysX\Common;c:\Program Files\Intel\WiFi\bin\;c:\Program Files\Common Files\Intel\WirelessCommon\;C:\Program Files\Intel\IntelSGXPSW\bin\x64\Release\;C:\Program Files\Intel\IntelSGXPSW\bin\win32\Release\;C:\Program Files\Git\cmd;C:\WINDOWS\system32;C:\WINDOWS;C:\WINDOWS\System32\Wbem;C:\WINDOWS\System32\WindowsPowerShell\v1.0\;C:\HashiCorp\Vagrant\bin;C:\Program Files (x86)\Brackets\command;C:\Program Files\Perforce\DVCS\;C:\Program Files\Perforce\;C:\Program Files\nodejs\;C:\Program Files (x86)\Yarn\bin;C:\Program Files (x86)\Skype\Phone\;C:\Users\igorj\AppData\Local\Microsoft\WindowsApps;C:\Program Files (x86)\Microsoft VS Code\bin;C:\Program Files\Sublime Text 3\;C:\Users\igorj\AppData\Roaming\npm;C:\Users\igorj\AppData\Local\Yarn\.bin;C:\Program Files\Git\usr\bin;C:\Program Files\Git\usr\share\vim\vim74;C:\Users\igorj\Desktop\cmder\

Yarn version: 
  0.20.3

Node version: 
  6.9.1

Platform: 
  win32 x64

npm manifest: 
  {
    "name": "foundation-zurb-template",
    "version": "1.0.0",
    "description": "Official ZURB Template for Foundation for Sites.",
    "main": "gulpfile.js",
    "scripts": {
      "start": "gulp",
      "build": "gulp build --production"
    },
    "author": "ZURB <foundation@zurb.com>",
    "license": "MIT",
    "devDependencies": {
      "babel-preset-es2015": "^6.3.13",
      "babel-register": "^6.7.2",
      "browser-sync": "^2.10.0",
      "gulp": "gulpjs/gulp#4.0",
      "gulp-autoprefixer": "^3.1.0",
      "gulp-babel": "^6.1.2",
      "gulp-cli": "^1.2.1",
      "gulp-concat": "^2.5.2",
      "gulp-cssnano": "^2.1.0",
      "gulp-extname": "^0.2.0",
      "gulp-if": "^2.0.0",
      "gulp-imagemin": "^2.2.1",
      "gulp-load-plugins": "^1.1.0",
      "gulp-sass": "^2.1.0",
      "gulp-sourcemaps": "^1.6.0",
      "gulp-uglify": "^1.2.0",
      "gulp-uncss": "^1.0.1",
      "js-yaml": "^3.4.6",
      "panini": "^1.3.0",
      "rimraf": "^2.4.3",
      "style-sherpa": "^1.0.0",
      "yargs": "^3.8.0"
    },
    "repository": {
      "type": "git",
      "url": "https://github.com/zurb/foundation-zurb-template.git"
    },
    "bugs": {
      "url": "https://github.com/zurb/foundation-sites/issues",
      "email": "foundation@zurb.com"
    },
    "babel": {
      "presets": ["es2015"]
    },
    "private": true
  }

yarn manifest: 
  No manifest

Lockfile: 
  No lockfile

Trace: 
  Error: EPERM: operation not permitted, unlink 'C:\Users\igorj\Dropbox\web\Lost\node_modules\gulp-sass\node_modules\node-sass\vendor\win32-x64-48\binding.node'
      at Error (native)
